Job running on landonia08
Job started: 12/03/2024 15:47:31
Setting up bash environment
Activating conda environment: masters
Running provided command: python molconf_finetuning.py --configfile=./configs/MolConfConfigs/mae/4_molconf_config_onecls.yml
GPU available: True (cuda), used: True
TPU available: False, using: 0 TPU cores
IPU available: False, using: 0 IPUs
HPU available: False, using: 0 HPUs
[15:49:45] SMILES Parse Error: syntax error while parsing: OC1=CC=CC(=C1)C-1=C2\CCC(=N2)\C(=C2/N\C(\C=C2)=C(/C2=N/C(/C=C2)=C(\C2=CC=C\-1N2)C1=CC(O)=CC=C1)C1=CC(O)=CC=C1)\C1=CC(O)=CC=C1
[15:49:45] SMILES Parse Error: Failed parsing SMILES 'OC1=CC=CC(=C1)C-1=C2\CCC(=N2)\C(=C2/N\C(\C=C2)=C(/C2=N/C(/C=C2)=C(\C2=CC=C\-1N2)C1=CC(O)=CC=C1)C1=CC(O)=CC=C1)\C1=CC(O)=CC=C1' for input: 'OC1=CC=CC(=C1)C-1=C2\CCC(=N2)\C(=C2/N\C(\C=C2)=C(/C2=N/C(/C=C2)=C(\C2=CC=C\-1N2)C1=CC(O)=CC=C1)C1=CC(O)=CC=C1)\C1=CC(O)=CC=C1'
[15:49:45] Explicit valence for atom # 0 N, 4, is greater than permitted
[15:49:46] Explicit valence for atom # 0 N, 4, is greater than permitted
[15:49:46] Explicit valence for atom # 0 N, 4, is greater than permitted
[15:49:46] Explicit valence for atom # 0 N, 4, is greater than permitted
LOCAL_RANK: 0 - CUDA_VISIBLE_DEVICES: [0]

  | Name  | Type     | Params
-----------------------------------
0 | model | DeepDrug | 1.1 M 
-----------------------------------
1.1 M     Trainable params
0         Non-trainable params
1.1 M     Total params
4.576     Total estimated model params size (MB)
Metric val_epoch_F1 improved. New best score: 0.592
Metric val_epoch_F1 improved by 0.025 >= min_delta = 0.001. New best score: 0.617
Metric val_epoch_F1 improved by 0.002 >= min_delta = 0.001. New best score: 0.619
Metric val_epoch_F1 improved by 0.002 >= min_delta = 0.001. New best score: 0.621
Metric val_epoch_F1 improved by 0.003 >= min_delta = 0.001. New best score: 0.624
Metric val_epoch_F1 improved by 0.006 >= min_delta = 0.001. New best score: 0.630
Metric val_epoch_F1 improved by 0.004 >= min_delta = 0.001. New best score: 0.634
Metric val_epoch_F1 improved by 0.017 >= min_delta = 0.001. New best score: 0.651
Monitored metric val_epoch_F1 did not improve in the last 10 records. Best score: 0.651. Signaling Trainer to stop.
LOCAL_RANK: 0 - CUDA_VISIBLE_DEVICES: [0]
LOCAL_RANK: 0 - CUDA_VISIBLE_DEVICES: [0]
Namespace(configfile='./configs/MolConfConfigs/mae/4_molconf_config_onecls.yml')
{'dataset': 'DrugBank', 'task': 'binary', 'category': 'DDI', 'entry1_file': './dataset/DrugBank/drug/processed/data.pt', 'entry2_file': './dataset/DrugBank/drug/processed/data.pt', 'entry1_seq_file': './dataset/DrugBank/drug/drug.csv', 'pair_file': './dataset/DrugBank/binary_1vs1/entry_pairs.csv', 'label_file': './dataset/DrugBank/binary_1vs1/pair_labels.csv', 'save_folder': './output/mol_conf/mae/DrugBank/binary_1vs1/one_cluster/', 'split_strategy': 'whole_cluster_sampling', 'gconv_ckpt': './model_checkpoints/molconf_mae_epoch_20_layers_4_random/last.ckpt', 'lin_eval': False, 'model_type': 'deepdrug', 'gpus': 0, 'num_out_dim': 1, 'n_layers': 4, 'n_confs': 1, 'lr': 1e-05}
print parameters:
{
  "earlystopping_tracking": "val_epoch_F1",
  "entry1_data_folder": "./dataset/DrugBank/drug",
  "entry1_seq_file": "./dataset/DrugBank/drug/drug.csv",
  "entry2_data_folder": "./dataset/DrugBank/drug",
  "entry2_seq_file": null,
  "entry_pairs_file": "./dataset/DrugBank/binary_1vs1/entry_pairs.csv",
  "gpus": 0,
  "model_type": "deepdrug",
  "pair_labels_file": "./dataset/DrugBank/binary_1vs1/pair_labels.csv",
  "save_folder": "./output/mol_conf/mae/DrugBank/binary_1vs1/one_cluster/",
  "scheduler_ReduceLROnPlateau_tracking": "F1",
  "split_strat": "whole_cluster_sampling",
  "task_type": "binary",
  "y_pred_file": "./output/mol_conf/mae/DrugBank/binary_1vs1/one_cluster/test_pred.csv",
  "y_transfrom_func": null,
  "y_true_file": "./output/mol_conf/mae/DrugBank/binary_1vs1/one_cluster/test_true.csv"
}
DeepDrug(
  (gconv1): DeeperGCN(
    (node_encoder): Sequential(
      (0): Linear(in_features=121, out_features=128, bias=True)
      (1): LayerNorm((128,), eps=1e-05, elementwise_affine=True)
    )
    (gcn_blocks): ModuleList(
      (0): ModuleList(
        (0): DeepGCNLayerV2(block=res+)
        (1): DeepGCNLayerV2(block=res+)
        (2): DeepGCNLayerV2(block=res+)
        (3): DeepGCNLayerV2(block=res+)
      )
    )
  )
  (gconv1_conf): DeeperGCN(
    (node_encoder): Sequential(
      (0): Linear(in_features=14, out_features=128, bias=True)
      (1): LayerNorm((128,), eps=1e-05, elementwise_affine=True)
    )
    (gcn_blocks): ModuleList(
      (0): ModuleList(
        (0): DeepGCNLayerV2(block=res+)
        (1): DeepGCNLayerV2(block=res+)
        (2): DeepGCNLayerV2(block=res+)
        (3): DeepGCNLayerV2(block=res+)
      )
    )
    (edge_encoder): Sequential(
      (0): Linear(in_features=6, out_features=128, bias=True)
      (1): LayerNorm((128,), eps=1e-05, elementwise_affine=True)
    )
  )
  (gconv2_conf): DeeperGCN(
    (node_encoder): Sequential(
      (0): Linear(in_features=14, out_features=128, bias=True)
      (1): LayerNorm((128,), eps=1e-05, elementwise_affine=True)
    )
    (gcn_blocks): ModuleList(
      (0): ModuleList(
        (0): DeepGCNLayerV2(block=res+)
        (1): DeepGCNLayerV2(block=res+)
        (2): DeepGCNLayerV2(block=res+)
        (3): DeepGCNLayerV2(block=res+)
      )
    )
    (edge_encoder): Sequential(
      (0): Linear(in_features=6, out_features=128, bias=True)
      (1): LayerNorm((128,), eps=1e-05, elementwise_affine=True)
    )
  )
  (gconv2): DeeperGCN(
    (node_encoder): Sequential(
      (0): Linear(in_features=121, out_features=128, bias=True)
      (1): LayerNorm((128,), eps=1e-05, elementwise_affine=True)
    )
    (gcn_blocks): ModuleList(
      (0): ModuleList(
        (0): DeepGCNLayerV2(block=res+)
        (1): DeepGCNLayerV2(block=res+)
        (2): DeepGCNLayerV2(block=res+)
        (3): DeepGCNLayerV2(block=res+)
      )
    )
  )
  (global_fc_nn): Sequential(
    (0): Linear(in_features=512, out_features=128, bias=True)
    (1): BatchNorm1d(128, eps=1e-05, momentum=0.1, affine=True, track_running_stats=True)
    (2): Dropout(p=0.2, inplace=False)
    (3): ReLU()
    (4): Linear(in_features=128, out_features=32, bias=True)
    (5): BatchNorm1d(32, eps=1e-05, momentum=0.1, affine=True, track_running_stats=True)
    (6): Dropout(p=0.2, inplace=False)
    (7): ReLU()
  )
  (fc2): Linear(in_features=32, out_features=1, bias=True)
)
MAEModel(
  (mol_encoder): DeeperGCN(
    (node_encoder): Sequential(
      (0): Linear(in_features=121, out_features=128, bias=True)
      (1): LayerNorm((128,), eps=1e-05, elementwise_affine=True)
    )
    (gcn_blocks): ModuleList(
      (0): ModuleList(
        (0): DeepGCNLayerV2(block=res+)
        (1): DeepGCNLayerV2(block=res+)
        (2): DeepGCNLayerV2(block=res+)
        (3): DeepGCNLayerV2(block=res+)
      )
    )
  )
  (mol_decoder): DeeperGCN(
    (node_encoder): Sequential(
      (0): Linear(in_features=128, out_features=121, bias=True)
      (1): LayerNorm((121,), eps=1e-05, elementwise_affine=True)
    )
    (gcn_blocks): ModuleList(
      (0): ModuleList(
        (0): DeepGCNLayerV2(block=res+)
      )
    )
  )
  (conf_encoder): DeeperGCN(
    (node_encoder): Sequential(
      (0): Linear(in_features=14, out_features=128, bias=True)
      (1): LayerNorm((128,), eps=1e-05, elementwise_affine=True)
    )
    (gcn_blocks): ModuleList(
      (0): ModuleList(
        (0): DeepGCNLayerV2(block=res+)
        (1): DeepGCNLayerV2(block=res+)
        (2): DeepGCNLayerV2(block=res+)
        (3): DeepGCNLayerV2(block=res+)
      )
    )
    (edge_encoder): Sequential(
      (0): Linear(in_features=6, out_features=128, bias=True)
      (1): LayerNorm((128,), eps=1e-05, elementwise_affine=True)
    )
  )
  (conf_decoder): DeeperGCN(
    (node_encoder): Sequential(
      (0): Linear(in_features=128, out_features=14, bias=True)
      (1): LayerNorm((14,), eps=1e-05, elementwise_affine=True)
    )
    (gcn_blocks): ModuleList(
      (0): ModuleList(
        (0): DeepGCNLayerV2(block=res+)
      )
    )
    (edge_encoder): Sequential(
      (0): Linear(in_features=128, out_features=6, bias=True)
      (1): LayerNorm((6,), eps=1e-05, elementwise_affine=True)
    )
    (edge_decoder): Linear(in_features=14, out_features=6, bias=True)
  )
  (enc2dec_mol_nodes): Linear(in_features=128, out_features=128, bias=False)
  (enc2dec_conf_nodes): Linear(in_features=128, out_features=128, bias=False)
  (enc2dec_conf_edges): Linear(in_features=128, out_features=128, bias=False)
)
MAEModel(
  (mol_encoder): DeeperGCN(
    (node_encoder): Sequential(
      (0): Linear(in_features=121, out_features=128, bias=True)
      (1): LayerNorm((128,), eps=1e-05, elementwise_affine=True)
    )
    (gcn_blocks): ModuleList(
      (0): ModuleList(
        (0): DeepGCNLayerV2(block=res+)
        (1): DeepGCNLayerV2(block=res+)
        (2): DeepGCNLayerV2(block=res+)
        (3): DeepGCNLayerV2(block=res+)
      )
    )
  )
  (mol_decoder): DeeperGCN(
    (node_encoder): Sequential(
      (0): Linear(in_features=128, out_features=121, bias=True)
      (1): LayerNorm((121,), eps=1e-05, elementwise_affine=True)
    )
    (gcn_blocks): ModuleList(
      (0): ModuleList(
        (0): DeepGCNLayerV2(block=res+)
      )
    )
  )
  (conf_encoder): DeeperGCN(
    (node_encoder): Sequential(
      (0): Linear(in_features=14, out_features=128, bias=True)
      (1): LayerNorm((128,), eps=1e-05, elementwise_affine=True)
    )
    (gcn_blocks): ModuleList(
      (0): ModuleList(
        (0): DeepGCNLayerV2(block=res+)
        (1): DeepGCNLayerV2(block=res+)
        (2): DeepGCNLayerV2(block=res+)
        (3): DeepGCNLayerV2(block=res+)
      )
    )
    (edge_encoder): Sequential(
      (0): Linear(in_features=6, out_features=128, bias=True)
      (1): LayerNorm((128,), eps=1e-05, elementwise_affine=True)
    )
  )
  (conf_decoder): DeeperGCN(
    (node_encoder): Sequential(
      (0): Linear(in_features=128, out_features=14, bias=True)
      (1): LayerNorm((14,), eps=1e-05, elementwise_affine=True)
    )
    (gcn_blocks): ModuleList(
      (0): ModuleList(
        (0): DeepGCNLayerV2(block=res+)
      )
    )
    (edge_encoder): Sequential(
      (0): Linear(in_features=128, out_features=6, bias=True)
      (1): LayerNorm((6,), eps=1e-05, elementwise_affine=True)
    )
    (edge_decoder): Linear(in_features=14, out_features=6, bias=True)
  )
  (enc2dec_mol_nodes): Linear(in_features=128, out_features=128, bias=False)
  (enc2dec_conf_nodes): Linear(in_features=128, out_features=128, bias=False)
  (enc2dec_conf_edges): Linear(in_features=128, out_features=128, bias=False)
)
preparing dataset...
loading processed data...
add degrees as node features for each sample...
using drug sequences file: ./dataset/DrugBank/drug
loading processed data...
add degrees as node features for each sample...
the order of entryIDs are not the same in dataset 1 & 2 .
checking entryIDs finished for MultiEmbedDataset_v1.
loading processed data...
add degrees as node features for each sample...
using target sequences file: ./dataset/DrugBank/drug
loading processed data...
add degrees as node features for each sample...
the order of entryIDs are not the same in dataset 1 & 2 .
checking entryIDs finished for MultiEmbedDataset_v1.
can not find cv_file,  whole_cluster_sampling ...
0.695131107698506
0.11100791904626114
0.19386097325523294
in val dataloader...

val:Ep0000|| F1: 0.000,auROC nan,auPRC: 1.000
in train dataloader...

val:Ep0000|| F1: 0.592,auROC 0.654,auPRC: 0.567

trn:Ep0000|| F1: 0.437,auROC 0.591,auPRC: 0.599

val:Ep0001|| F1: 0.587,auROC 0.665,auPRC: 0.577

trn:Ep0001|| F1: 0.576,auROC 0.634,auPRC: 0.637

val:Ep0002|| F1: 0.617,auROC 0.683,auPRC: 0.598

trn:Ep0002|| F1: 0.619,auROC 0.653,auPRC: 0.654

val:Ep0003|| F1: 0.613,auROC 0.689,auPRC: 0.605

trn:Ep0003|| F1: 0.645,auROC 0.670,auPRC: 0.669

val:Ep0004|| F1: 0.617,auROC 0.689,auPRC: 0.599

trn:Ep0004|| F1: 0.659,auROC 0.681,auPRC: 0.681

val:Ep0005|| F1: 0.619,auROC 0.689,auPRC: 0.604

trn:Ep0005|| F1: 0.671,auROC 0.692,auPRC: 0.693

val:Ep0006|| F1: 0.621,auROC 0.693,auPRC: 0.603

trn:Ep0006|| F1: 0.677,auROC 0.700,auPRC: 0.702

val:Ep0007|| F1: 0.617,auROC 0.699,auPRC: 0.612

trn:Ep0007|| F1: 0.684,auROC 0.709,auPRC: 0.711

val:Ep0008|| F1: 0.624,auROC 0.700,auPRC: 0.616

trn:Ep0008|| F1: 0.690,auROC 0.716,auPRC: 0.718

val:Ep0009|| F1: 0.617,auROC 0.692,auPRC: 0.601

trn:Ep0009|| F1: 0.694,auROC 0.723,auPRC: 0.725

val:Ep0010|| F1: 0.630,auROC 0.703,auPRC: 0.616

trn:Ep0010|| F1: 0.699,auROC 0.730,auPRC: 0.733

val:Ep0011|| F1: 0.611,auROC 0.716,auPRC: 0.635

trn:Ep0011|| F1: 0.704,auROC 0.737,auPRC: 0.740

val:Ep0012|| F1: 0.600,auROC 0.712,auPRC: 0.630

trn:Ep0012|| F1: 0.707,auROC 0.741,auPRC: 0.744

val:Ep0013|| F1: 0.634,auROC 0.716,auPRC: 0.636

trn:Ep0013|| F1: 0.712,auROC 0.749,auPRC: 0.753

val:Ep0014|| F1: 0.618,auROC 0.712,auPRC: 0.632

trn:Ep0014|| F1: 0.716,auROC 0.754,auPRC: 0.758

val:Ep0015|| F1: 0.634,auROC 0.707,auPRC: 0.626

trn:Ep0015|| F1: 0.721,auROC 0.760,auPRC: 0.765

val:Ep0016|| F1: 0.619,auROC 0.717,auPRC: 0.643

trn:Ep0016|| F1: 0.724,auROC 0.764,auPRC: 0.768

val:Ep0017|| F1: 0.627,auROC 0.721,auPRC: 0.649

trn:Ep0017|| F1: 0.727,auROC 0.768,auPRC: 0.771

val:Ep0018|| F1: 0.618,auROC 0.723,auPRC: 0.646

trn:Ep0018|| F1: 0.731,auROC 0.773,auPRC: 0.777

val:Ep0019|| F1: 0.651,auROC 0.728,auPRC: 0.655

trn:Ep0019|| F1: 0.734,auROC 0.778,auPRC: 0.781

val:Ep0020|| F1: 0.635,auROC 0.739,auPRC: 0.670

trn:Ep0020|| F1: 0.738,auROC 0.782,auPRC: 0.787

val:Ep0021|| F1: 0.606,auROC 0.731,auPRC: 0.658

trn:Ep0021|| F1: 0.740,auROC 0.786,auPRC: 0.789

val:Ep0022|| F1: 0.634,auROC 0.735,auPRC: 0.667

trn:Ep0022|| F1: 0.743,auROC 0.789,auPRC: 0.793

val:Ep0023|| F1: 0.643,auROC 0.732,auPRC: 0.664

trn:Ep0023|| F1: 0.746,auROC 0.793,auPRC: 0.796

val:Ep0024|| F1: 0.646,auROC 0.740,auPRC: 0.679

trn:Ep0024|| F1: 0.749,auROC 0.796,auPRC: 0.798

val:Ep0025|| F1: 0.577,auROC 0.738,auPRC: 0.667

trn:Ep0025|| F1: 0.751,auROC 0.801,auPRC: 0.803

val:Ep0026|| F1: 0.632,auROC 0.742,auPRC: 0.676

trn:Ep0026|| F1: 0.753,auROC 0.802,auPRC: 0.805

val:Ep0027|| F1: 0.652,auROC 0.740,auPRC: 0.672

trn:Ep0027|| F1: 0.756,auROC 0.805,auPRC: 0.808

val:Ep0028|| F1: 0.636,auROC 0.741,auPRC: 0.676

trn:Ep0028|| F1: 0.757,auROC 0.808,auPRC: 0.811

val:Ep0029|| F1: 0.638,auROC 0.750,auPRC: 0.688
loading best weight in /home/s1950841/MAEDDI/output/mol_conf/mae/DrugBank/binary_1vs1/one_cluster/models/epoch=27-step=29064.ckpt ...
DeepDrug(
  (gconv1): DeeperGCN(
    (node_encoder): Sequential(
      (0): Linear(in_features=121, out_features=128, bias=True)
      (1): LayerNorm((128,), eps=1e-05, elementwise_affine=True)
    )
    (gcn_blocks): ModuleList(
      (0): ModuleList(
        (0): DeepGCNLayerV2(block=res+)
        (1): DeepGCNLayerV2(block=res+)
        (2): DeepGCNLayerV2(block=res+)
        (3): DeepGCNLayerV2(block=res+)
      )
    )
  )
  (gconv1_conf): DeeperGCN(
    (node_encoder): Sequential(
      (0): Linear(in_features=14, out_features=128, bias=True)
      (1): LayerNorm((128,), eps=1e-05, elementwise_affine=True)
    )
    (gcn_blocks): ModuleList(
      (0): ModuleList(
        (0): DeepGCNLayerV2(block=res+)
        (1): DeepGCNLayerV2(block=res+)
        (2): DeepGCNLayerV2(block=res+)
        (3): DeepGCNLayerV2(block=res+)
      )
    )
    (edge_encoder): Sequential(
      (0): Linear(in_features=6, out_features=128, bias=True)
      (1): LayerNorm((128,), eps=1e-05, elementwise_affine=True)
    )
  )
  (gconv2_conf): DeeperGCN(
    (node_encoder): Sequential(
      (0): Linear(in_features=14, out_features=128, bias=True)
      (1): LayerNorm((128,), eps=1e-05, elementwise_affine=True)
    )
    (gcn_blocks): ModuleList(
      (0): ModuleList(
        (0): DeepGCNLayerV2(block=res+)
        (1): DeepGCNLayerV2(block=res+)
        (2): DeepGCNLayerV2(block=res+)
        (3): DeepGCNLayerV2(block=res+)
      )
    )
    (edge_encoder): Sequential(
      (0): Linear(in_features=6, out_features=128, bias=True)
      (1): LayerNorm((128,), eps=1e-05, elementwise_affine=True)
    )
  )
  (gconv2): DeeperGCN(
    (node_encoder): Sequential(
      (0): Linear(in_features=121, out_features=128, bias=True)
      (1): LayerNorm((128,), eps=1e-05, elementwise_affine=True)
    )
    (gcn_blocks): ModuleList(
      (0): ModuleList(
        (0): DeepGCNLayerV2(block=res+)
        (1): DeepGCNLayerV2(block=res+)
        (2): DeepGCNLayerV2(block=res+)
        (3): DeepGCNLayerV2(block=res+)
      )
    )
  )
  (global_fc_nn): Sequential(
    (0): Linear(in_features=512, out_features=128, bias=True)
    (1): BatchNorm1d(128, eps=1e-05, momentum=0.1, affine=True, track_running_stats=True)
    (2): Dropout(p=0.2, inplace=False)
    (3): ReLU()
    (4): Linear(in_features=128, out_features=32, bias=True)
    (5): BatchNorm1d(32, eps=1e-05, momentum=0.1, affine=True, track_running_stats=True)
    (6): Dropout(p=0.2, inplace=False)
    (7): ReLU()
  )
  (fc2): Linear(in_features=32, out_features=1, bias=True)
)
in test dataloader...

tst:Ep0030|| F1: 0.684,auROC 0.777,auPRC: 0.718
────────────────────────────────────────────────────────────────────────────────────────────────────────────────────────
       Test metric             DataLoader 0
────────────────────────────────────────────────────────────────────────────────────────────────────────────────────────
        test_loss           0.5608503222465515
────────────────────────────────────────────────────────────────────────────────────────────────────────────────────────
in test dataloader...
save prediction completed.
Command ran successfully!

============
job finished successfully
Job finished: 12/03/2024 19:42:30
